Compiling the C compiler identification source file "CMakeCCompilerId.c" failed.
Compiler: cl.exe 
Build flags: 
Id flags:  

The output was:
Systém nemůže nalézt uvedený soubor


Compiling the C compiler identification source file "CMakeCCompilerId.c" failed.
Compiler: cl.exe 
Build flags: 
Id flags: -c 

The output was:
Systém nemůže nalézt uvedený soubor


Compiling the C compiler identification source file "CMakeCCompilerId.c" failed.
Compiler: cl.exe 
Build flags: 
Id flags: -Aa 

The output was:
Systém nemůže nalézt uvedený soubor


Compiling the C compiler identification source file "CMakeCCompilerId.c" failed.
Compiler: cl.exe 
Build flags: 
Id flags: -D__CLASSIC_C__ 

The output was:
Systém nemůže nalézt uvedený soubor


Compiling the C compiler identification source file "CMakeCCompilerId.c" failed.
Compiler: cl.exe 
Build flags: 
Id flags: --target=arm-arm-none-eabi;-mcpu=cortex-m3 

The output was:
Systém nemůže nalézt uvedený soubor


Compiling the C compiler identification source file "CMakeCCompilerId.c" failed.
Compiler: cl.exe 
Build flags: 
Id flags: -c;-I__does_not_exist__ 

The output was:
Systém nemůže nalézt uvedený soubor


Compiling the C compiler identification source file "CMakeCCompilerId.c" failed.
Compiler: cl.exe 
Build flags: 
Id flags:  

The output was:
Systém nemůže nalézt uvedený soubor


Compiling the C compiler identification source file "CMakeCCompilerId.c" failed.
Compiler: cl.exe 
Build flags: 
Id flags: -c 

The output was:
Systém nemůže nalézt uvedený soubor


Compiling the C compiler identification source file "CMakeCCompilerId.c" failed.
Compiler: cl.exe 
Build flags: 
Id flags: -Aa 

The output was:
Systém nemůže nalézt uvedený soubor


Compiling the C compiler identification source file "CMakeCCompilerId.c" failed.
Compiler: cl.exe 
Build flags: 
Id flags: -D__CLASSIC_C__ 

The output was:
Systém nemůže nalézt uvedený soubor


Compiling the C compiler identification source file "CMakeCCompilerId.c" failed.
Compiler: cl.exe 
Build flags: 
Id flags: --target=arm-arm-none-eabi;-mcpu=cortex-m3 

The output was:
Systém nemůže nalézt uvedený soubor


Compiling the C compiler identification source file "CMakeCCompilerId.c" failed.
Compiler: cl.exe 
Build flags: 
Id flags: -c;-I__does_not_exist__ 

The output was:
Systém nemůže nalézt uvedený soubor


Checking whether the C compiler is IAR using "" did not match "IAR .+ Compiler":
Checking whether the C compiler is IAR using "" did not match "IAR .+ Compiler":
Compiling the CXX compiler identification source file "CMakeCXXCompilerId.cpp" failed.
Compiler: cl.exe 
Build flags: 
Id flags:  

The output was:
Systém nemůže nalézt uvedený soubor


Compiling the CXX compiler identification source file "CMakeCXXCompilerId.cpp" failed.
Compiler: cl.exe 
Build flags: 
Id flags: -c 

The output was:
Systém nemůže nalézt uvedený soubor


Compiling the CXX compiler identification source file "CMakeCXXCompilerId.cpp" failed.
Compiler: cl.exe 
Build flags: 
Id flags: --c++ 

The output was:
Systém nemůže nalézt uvedený soubor


Compiling the CXX compiler identification source file "CMakeCXXCompilerId.cpp" failed.
Compiler: cl.exe 
Build flags: 
Id flags: --ec++ 

The output was:
Systém nemůže nalézt uvedený soubor


Compiling the CXX compiler identification source file "CMakeCXXCompilerId.cpp" failed.
Compiler: cl.exe 
Build flags: 
Id flags: --target=arm-arm-none-eabi;-mcpu=cortex-m3 

The output was:
Systém nemůže nalézt uvedený soubor


Compiling the CXX compiler identification source file "CMakeCXXCompilerId.cpp" failed.
Compiler: cl.exe 
Build flags: 
Id flags: -c;-I__does_not_exist__ 

The output was:
Systém nemůže nalézt uvedený soubor


Compiling the CXX compiler identification source file "CMakeCXXCompilerId.cpp" failed.
Compiler: cl.exe 
Build flags: 
Id flags:  

The output was:
Systém nemůže nalézt uvedený soubor


Compiling the CXX compiler identification source file "CMakeCXXCompilerId.cpp" failed.
Compiler: cl.exe 
Build flags: 
Id flags: -c 

The output was:
Systém nemůže nalézt uvedený soubor


Compiling the CXX compiler identification source file "CMakeCXXCompilerId.cpp" failed.
Compiler: cl.exe 
Build flags: 
Id flags: --c++ 

The output was:
Systém nemůže nalézt uvedený soubor


Compiling the CXX compiler identification source file "CMakeCXXCompilerId.cpp" failed.
Compiler: cl.exe 
Build flags: 
Id flags: --ec++ 

The output was:
Systém nemůže nalézt uvedený soubor


Compiling the CXX compiler identification source file "CMakeCXXCompilerId.cpp" failed.
Compiler: cl.exe 
Build flags: 
Id flags: --target=arm-arm-none-eabi;-mcpu=cortex-m3 

The output was:
Systém nemůže nalézt uvedený soubor


Compiling the CXX compiler identification source file "CMakeCXXCompilerId.cpp" failed.
Compiler: cl.exe 
Build flags: 
Id flags: -c;-I__does_not_exist__ 

The output was:
Systém nemůže nalézt uvedený soubor


Checking whether the CXX compiler is IAR using "" did not match "IAR .+ Compiler":
Checking whether the CXX compiler is IAR using "" did not match "IAR .+ Compiler":
